<?xml version="1.0" encoding="UTF-8"?>
<!-- Generated by org.testng.reporters.JUnitXMLReporter -->
<testsuite ignored="0" hostname="Kavithas-Air.lan" failures="1" tests="2" name="linux-firefox" time="0.383" errors="0" timestamp="19 Jul 2024 21:53:53 GMT">
  <testcase classname="testBase.BaseClass" name="@AfterClass tearDown" time="0.0">
    <failure type="java.lang.NullPointerException" message="Cannot invoke &amp;quot;org.openqa.selenium.WebDriver.close()&amp;quot; because &amp;quot;testBase.BaseClass.driver&amp;quot; is null">
      <![CDATA[java.lang.NullPointerException: Cannot invoke "org.openqa.selenium.WebDriver.close()" because "testBase.BaseClass.driver" is null
	at testBase.BaseClass.tearDown(BaseClass.java:125)
... Removed 25 stack frames]]>
    </failure>
  </testcase> <!-- @AfterClass tearDown -->
  <testcase classname="testBase.BaseClass" name="@BeforeClass setUp" time="0.0">
    <skipped/>
  </testcase> <!-- @BeforeClass setUp -->
  <testcase classname="testBase.BaseClass" name="@AfterClass tearDown" time="0.0">
    <skipped/>
  </testcase> <!-- @AfterClass tearDown -->
  <testcase classname="testCases.TC_001_AccountregistrationTest" name="verify_account_registration" time="0.013">
    <failure type="java.lang.AssertionError">
      <![CDATA[java.lang.AssertionError: 
	at testCases.TC_001_AccountregistrationTest.verify_account_registration(TC_001_AccountregistrationTest.java:61)
... Removed 27 stack frames]]>
    </failure>
  </testcase> <!-- verify_account_registration -->
  <testcase classname="testCases.TC_002_LoginTest" name="verify_login" time="0.0">
    <skipped/>
  </testcase> <!-- verify_login -->
</testsuite> <!-- linux-firefox -->
